2026-06-18 17:42:32 - INFO - [train.py:30] - === Starting SNN Training Pipeline ===
2026-06-18 17:42:32 - INFO - [train.py:43] - Using device: cuda
2026-06-18 17:42:32 - INFO - [train.py:48] - Setting up data loaders...
2026-06-18 17:42:32 - INFO - [dataset.py:38] - Initializing NpyGestureDataset from directory: D:\ProgramProject_Hub\OpticalDeconv_SNN\datasets\DVSGesture\ibmGestureTest
2026-06-18 17:42:32 - INFO - [dataset.py:57] - Successfully loaded 264 samples into the dataset index.
2026-06-18 17:42:32 - INFO - [train.py:66] - Dataloader ready. Total batches per epoch: 16
2026-06-18 17:42:32 - INFO - [train.py:71] - Initializing OpticalDeconvSNN model...
2026-06-18 17:42:32 - INFO - [model.py:25] - Initializing OpticalDeconvSNN with 11 classes and beta=0.9
2026-06-18 17:42:34 - INFO - [train.py:84] - Starting training loop...
2026-06-18 17:43:01 - DEBUG - [train.py:120] - Epoch [1/10], Step [5/16], Loss: 177.8865
2026-06-18 17:43:14 - DEBUG - [train.py:120] - Epoch [1/10], Step [10/16], Loss: 87.8099
2026-06-18 17:43:25 - DEBUG - [train.py:120] - Epoch [1/10], Step [15/16], Loss: 136.0184
2026-06-18 17:43:28 - INFO - [train.py:126] - ==> Epoch [1/10] Summary | Loss: 135.8057 | Accuracy: 19.92%
2026-06-18 17:43:58 - DEBUG - [train.py:120] - Epoch [2/10], Step [5/16], Loss: 71.2411
2026-06-18 17:44:09 - DEBUG - [train.py:120] - Epoch [2/10], Step [10/16], Loss: 52.6650
2026-06-18 17:44:19 - DEBUG - [train.py:120] - Epoch [2/10], Step [15/16], Loss: 41.9540
2026-06-18 17:44:22 - INFO - [train.py:126] - ==> Epoch [2/10] Summary | Loss: 68.3401 | Accuracy: 28.91%
2026-06-18 17:44:48 - DEBUG - [train.py:120] - Epoch [3/10], Step [5/16], Loss: 38.3289
2026-06-18 17:45:02 - DEBUG - [train.py:120] - Epoch [3/10], Step [10/16], Loss: 42.2363
2026-06-18 17:45:16 - DEBUG - [train.py:120] - Epoch [3/10], Step [15/16], Loss: 23.0344
2026-06-18 17:45:20 - INFO - [train.py:126] - ==> Epoch [3/10] Summary | Loss: 36.1270 | Accuracy: 45.31%
2026-06-18 17:45:46 - DEBUG - [train.py:120] - Epoch [4/10], Step [5/16], Loss: 14.2897
2026-06-18 17:46:00 - DEBUG - [train.py:120] - Epoch [4/10], Step [10/16], Loss: 32.1517
2026-06-18 17:46:15 - DEBUG - [train.py:120] - Epoch [4/10], Step [15/16], Loss: 36.7838
2026-06-18 17:46:18 - INFO - [train.py:126] - ==> Epoch [4/10] Summary | Loss: 36.5851 | Accuracy: 45.31%
2026-06-18 17:46:48 - DEBUG - [train.py:120] - Epoch [5/10], Step [5/16], Loss: 4.4190
2026-06-18 17:47:02 - DEBUG - [train.py:120] - Epoch [5/10], Step [10/16], Loss: 8.7036
2026-06-18 17:47:14 - DEBUG - [train.py:120] - Epoch [5/10], Step [15/16], Loss: 12.9814
2026-06-18 17:47:17 - INFO - [train.py:126] - ==> Epoch [5/10] Summary | Loss: 15.5045 | Accuracy: 60.55%
2026-06-18 17:47:45 - DEBUG - [train.py:120] - Epoch [6/10], Step [5/16], Loss: 23.6427
2026-06-18 17:47:56 - DEBUG - [train.py:120] - Epoch [6/10], Step [10/16], Loss: 11.2061
2026-06-18 17:48:08 - DEBUG - [train.py:120] - Epoch [6/10], Step [15/16], Loss: 27.5769
2026-06-18 17:48:12 - INFO - [train.py:126] - ==> Epoch [6/10] Summary | Loss: 17.0919 | Accuracy: 59.38%
2026-06-18 17:48:38 - DEBUG - [train.py:120] - Epoch [7/10], Step [5/16], Loss: 3.0376
2026-06-18 17:48:51 - DEBUG - [train.py:120] - Epoch [7/10], Step [10/16], Loss: 6.3521
2026-06-18 17:49:03 - DEBUG - [train.py:120] - Epoch [7/10], Step [15/16], Loss: 4.9925
2026-06-18 17:49:07 - INFO - [train.py:126] - ==> Epoch [7/10] Summary | Loss: 13.4811 | Accuracy: 69.53%
2026-06-18 17:49:33 - DEBUG - [train.py:120] - Epoch [8/10], Step [5/16], Loss: 2.6755
2026-06-18 17:49:45 - DEBUG - [train.py:120] - Epoch [8/10], Step [10/16], Loss: 8.8321
2026-06-18 17:49:58 - DEBUG - [train.py:120] - Epoch [8/10], Step [15/16], Loss: 3.2090
2026-06-18 17:50:01 - INFO - [train.py:126] - ==> Epoch [8/10] Summary | Loss: 7.2160 | Accuracy: 69.53%
2026-06-18 17:50:28 - DEBUG - [train.py:120] - Epoch [9/10], Step [5/16], Loss: 5.3034
2026-06-18 17:50:41 - DEBUG - [train.py:120] - Epoch [9/10], Step [10/16], Loss: 0.6812
2026-06-18 17:50:54 - DEBUG - [train.py:120] - Epoch [9/10], Step [15/16], Loss: 0.7724
2026-06-18 17:51:00 - INFO - [train.py:126] - ==> Epoch [9/10] Summary | Loss: 5.4165 | Accuracy: 76.17%
2026-06-18 17:51:26 - DEBUG - [train.py:120] - Epoch [10/10], Step [5/16], Loss: 0.0345
2026-06-18 17:51:41 - DEBUG - [train.py:120] - Epoch [10/10], Step [10/16], Loss: 12.9939
2026-06-18 17:51:52 - DEBUG - [train.py:120] - Epoch [10/10], Step [15/16], Loss: 2.1205
2026-06-18 17:51:55 - INFO - [train.py:126] - ==> Epoch [10/10] Summary | Loss: 5.3903 | Accuracy: 80.47%
2026-06-18 17:51:55 - INFO - [train.py:133] - Training completed. Model saved to D:\ProgramProject_Hub\OpticalDeconv_SNN\optical_deconv_snn.pth
