2026-06-27 17:19:25 - INFO - [eval_01_activity.py:60] - === Phase 1: SNN Activity & Sparsity Extraction (Direct Frame Loading) ===
2026-06-27 17:19:27 - INFO - [eval_01_activity.py:66] - Using device: cuda
2026-06-27 17:19:27 - INFO - [eval_01_activity.py:80] - Evaluation config: num_samples=1000, adc_activity=0.38
2026-06-27 17:19:27 - INFO - [eval_01_activity.py:107] - Loaded 10000 frame samples from ./datasets\CIFAR10DVS\frames_number_10_split_by_number
2026-06-27 17:19:27 - INFO - [eval_01_activity.py:121] - Total available samples: 10000
2026-06-27 17:19:27 - INFO - [eval_01_activity.py:129] - Using 1000 samples for evaluation (out of 10000).
2026-06-27 17:19:27 - INFO - [eval_01_activity.py:154] - Loaded trained weights from results/snn_vgg_best.pth
2026-06-27 17:19:27 - DEBUG - [eval_01_activity.py:40] - Registered activity hook on: lif1
2026-06-27 17:19:27 - DEBUG - [eval_01_activity.py:40] - Registered activity hook on: lif2
2026-06-27 17:19:27 - DEBUG - [eval_01_activity.py:40] - Registered activity hook on: lif3
2026-06-27 17:19:27 - DEBUG - [eval_01_activity.py:40] - Registered activity hook on: lif4
2026-06-27 17:19:27 - DEBUG - [eval_01_activity.py:40] - Registered activity hook on: lif5
2026-06-27 17:19:27 - DEBUG - [eval_01_activity.py:40] - Registered activity hook on: lif6
2026-06-27 17:19:27 - DEBUG - [eval_01_activity.py:40] - Registered activity hook on: lif7
2026-06-27 17:19:27 - INFO - [eval_01_activity.py:165] - Running inference to extract active ratio...
2026-06-27 17:20:13 - INFO - [eval_01_activity.py:175] - **************************************************
2026-06-27 17:20:13 - INFO - [eval_01_activity.py:176] - Total Evaluated Elements: 11,801,600,000
2026-06-27 17:20:13 - INFO - [eval_01_activity.py:177] - Total Active Spikes (1s): 877,137,015
2026-06-27 17:20:13 - INFO - [eval_01_activity.py:178] - Extracted Average Active Ratio: 7.43%
2026-06-27 17:20:13 - INFO - [eval_01_activity.py:179] - **************************************************
2026-06-27 17:20:13 - INFO - [eval_01_activity.py:193] - Activity statistics saved to results/activity_stats.json
