2026-06-18 19:12:21 - INFO - [evaluate.py:56] - === Starting SNN Evaluation Pipeline ===
2026-06-18 19:12:22 - INFO - [evaluate.py:74] - Setting up test dataloader...
2026-06-18 19:12:22 - INFO - [dataset.py:38] - Initializing NpyGestureDataset from directory: D:\ProgramProject_Hub\OpticalDeconv_SNN\datasets\DVSGesture\ibmGestureTest
2026-06-18 19:12:22 - INFO - [dataset.py:57] - Successfully loaded 264 samples into the dataset index.
2026-06-18 19:12:22 - INFO - [evaluate.py:87] - Loading trained weights from D:\ProgramProject_Hub\OpticalDeconv_SNN\optical_deconv_snn.pth...
2026-06-18 19:12:22 - INFO - [model.py:25] - Initializing OpticalDeconvSNN with 11 classes and beta=0.9
2026-06-18 19:12:22 - INFO - [evaluate.py:99] - --- Phase 1 & 2: Clean Baseline & GPU Latency ---
2026-06-18 19:12:22 - INFO - [evaluate.py:106] - Warming up GPU...
2026-06-18 19:12:38 - INFO - [evaluate.py:111] - Running baseline inference...
2026-06-18 19:13:15 - INFO - [evaluate.py:135] - ************************************************************
2026-06-18 19:13:15 - INFO - [evaluate.py:136] - Clean Baseline Accuracy: 78.79%
2026-06-18 19:13:15 - INFO - [evaluate.py:137] - Average GPU Latency per Batch (16 samples): 950.73 ms
2026-06-18 19:13:15 - INFO - [evaluate.py:138] - ************************************************************
2026-06-18 19:13:15 - INFO - [evaluate.py:143] - --- Phase 3: Hardware Noise Injection Testing ---
2026-06-18 19:13:51 - INFO - [evaluate.py:167] - Noise Level (std=0.01) -> Accuracy dropped to 75.76%
2026-06-18 19:14:29 - INFO - [evaluate.py:167] - Noise Level (std=0.05) -> Accuracy dropped to 70.83%
2026-06-18 19:15:06 - INFO - [evaluate.py:167] - Noise Level (std=0.10) -> Accuracy dropped to 61.36%
2026-06-18 19:15:43 - INFO - [evaluate.py:167] - Noise Level (std=0.20) -> Accuracy dropped to 46.97%
2026-06-18 19:16:17 - INFO - [evaluate.py:167] - Noise Level (std=0.50) -> Accuracy dropped to 31.82%
2026-06-18 19:16:17 - INFO - [evaluate.py:168] - ************************************************************
2026-06-18 19:16:17 - INFO - [evaluate.py:32] - --- Phase 4: Optical Hardware Energy Estimation ---
2026-06-18 19:16:17 - INFO - [evaluate.py:48] - Hardware Configuration: 256 Arrays (16x16), 1024 ADCs
2026-06-18 19:16:17 - INFO - [evaluate.py:49] - Total MACs for Deconv Layer: 838,860,800
2026-06-18 19:16:17 - INFO - [evaluate.py:50] - Assumed Energy per MAC: 0.5 pJ
2026-06-18 19:16:17 - INFO - [evaluate.py:51] - Theoretical Energy Consumption per inference: 419.4304 μJ
2026-06-18 19:16:17 - INFO - [evaluate.py:52] - ************************************************************
2026-06-18 19:16:17 - INFO - [evaluate.py:175] - === Evaluation Pipeline Completed Successfully ===
