2026-06-26 22:01:37 - INFO - [train_cifar10dvs.py:296] - === CIFAR10-DVS train ===
2026-06-26 22:01:38 - INFO - [train_cifar10dvs.py:302] - Device: cuda
2026-06-26 22:01:38 - INFO - [train_cifar10dvs.py:60] - [Extract] extract/ completed, skip.
2026-06-26 22:02:36 - INFO - [train_cifar10dvs.py:87] - [purge] removed 0 corrupted npz
2026-06-26 22:02:36 - INFO - [train_cifar10dvs.py:131] - [aedat -> npz] Checking ...
2026-06-26 22:02:36 - INFO - [train_cifar10dvs.py:140] - [aedat -> npz] events_np/ completed, skip.
2026-06-26 22:02:36 - INFO - [train_cifar10dvs.py:224] - [npz -> frame] Checking ...
2026-06-26 22:02:36 - INFO - [train_cifar10dvs.py:235] - [npz -> frame] frames_number_10_split_by_number/ completed, skip.
2026-06-26 22:02:36 - INFO - [train_cifar10dvs.py:314] - Building CIFAR10DVSFrames (split_ratio=0.9) ...
2026-06-26 22:02:36 - INFO - [train_cifar10dvs.py:281] -   CIFAR10DVSFrames(train): 9000 (split_ratio=0.9)
2026-06-26 22:02:36 - INFO - [train_cifar10dvs.py:281] -   CIFAR10DVSFrames(test): 1000 (split_ratio=0.9)
2026-06-26 22:02:48 - INFO - [train_cifar10dvs.py:348] -   data.max() = 0.0
2026-06-26 22:02:49 - INFO - [train_cifar10dvs.py:348] -   data.max() = 0.0
2026-06-26 22:02:49 - INFO - [train_cifar10dvs.py:348] -   data.max() = 0.0
2026-06-26 22:02:49 - INFO - [train_cifar10dvs.py:348] -   data.max() = 0.0
2026-06-26 22:02:49 - INFO - [train_cifar10dvs.py:348] -   data.max() = 0.0
2026-06-26 22:02:50 - INFO - [train_cifar10dvs.py:348] -   data.max() = 0.0
2026-06-26 22:02:50 - INFO - [train_cifar10dvs.py:348] -   data.max() = 0.0
2026-06-26 22:02:50 - INFO - [train_cifar10dvs.py:348] -   data.max() = 0.0
2026-06-26 22:02:50 - INFO - [train_cifar10dvs.py:348] -   data.max() = 0.0
2026-06-26 22:02:50 - INFO - [train_cifar10dvs.py:348] -   data.max() = 0.0
2026-06-26 22:02:50 - INFO - [train_cifar10dvs.py:348] -   data.max() = 0.0
2026-06-26 22:02:51 - INFO - [train_cifar10dvs.py:348] -   data.max() = 0.0
2026-06-26 22:02:51 - INFO - [train_cifar10dvs.py:348] -   data.max() = 0.0
2026-06-26 22:02:51 - INFO - [train_cifar10dvs.py:348] -   data.max() = 0.0
2026-06-26 22:02:51 - INFO - [train_cifar10dvs.py:348] -   data.max() = 0.0
2026-06-26 22:02:51 - INFO - [train_cifar10dvs.py:348] -   data.max() = 0.0
2026-06-26 22:02:51 - INFO - [train_cifar10dvs.py:348] -   data.max() = 0.0
2026-06-26 22:02:52 - INFO - [train_cifar10dvs.py:348] -   data.max() = 0.0
2026-06-26 22:02:52 - INFO - [train_cifar10dvs.py:348] -   data.max() = 0.0
2026-06-26 22:02:52 - INFO - [train_cifar10dvs.py:348] -   data.max() = 0.0
2026-06-26 22:02:52 - INFO - [train_cifar10dvs.py:348] -   data.max() = 0.0
2026-06-26 22:02:52 - INFO - [train_cifar10dvs.py:348] -   data.max() = 0.0
2026-06-26 22:02:52 - INFO - [train_cifar10dvs.py:348] -   data.max() = 0.0
2026-06-26 22:02:53 - INFO - [train_cifar10dvs.py:348] -   data.max() = 0.0
2026-06-26 22:02:53 - INFO - [train_cifar10dvs.py:348] -   data.max() = 0.0
2026-06-26 22:02:53 - INFO - [train_cifar10dvs.py:348] -   data.max() = 0.0
2026-06-26 22:02:53 - INFO - [train_cifar10dvs.py:348] -   data.max() = 0.0
2026-06-26 22:02:53 - INFO - [train_cifar10dvs.py:348] -   data.max() = 0.0
2026-06-26 22:02:53 - INFO - [train_cifar10dvs.py:348] -   data.max() = 0.0
2026-06-26 22:02:54 - INFO - [train_cifar10dvs.py:348] -   data.max() = 0.0
2026-06-26 22:02:54 - INFO - [train_cifar10dvs.py:348] -   data.max() = 0.0
2026-06-26 22:02:54 - INFO - [train_cifar10dvs.py:348] -   data.max() = 0.0
2026-06-26 22:02:54 - INFO - [train_cifar10dvs.py:348] -   data.max() = 0.0
2026-06-26 22:02:54 - INFO - [train_cifar10dvs.py:348] -   data.max() = 0.0
2026-06-26 22:02:54 - INFO - [train_cifar10dvs.py:348] -   data.max() = 0.0
2026-06-26 22:02:54 - INFO - [train_cifar10dvs.py:348] -   data.max() = 0.0
2026-06-26 22:02:55 - INFO - [train_cifar10dvs.py:348] -   data.max() = 0.0
2026-06-26 22:02:55 - INFO - [train_cifar10dvs.py:348] -   data.max() = 0.0
2026-06-26 22:02:55 - INFO - [train_cifar10dvs.py:348] -   data.max() = 0.0
2026-06-26 22:02:55 - INFO - [train_cifar10dvs.py:348] -   data.max() = 0.0
2026-06-26 22:02:55 - INFO - [train_cifar10dvs.py:348] -   data.max() = 0.0
2026-06-26 22:02:55 - INFO - [train_cifar10dvs.py:348] -   data.max() = 0.0
2026-06-26 22:02:56 - INFO - [train_cifar10dvs.py:348] -   data.max() = 0.0
2026-06-26 22:02:56 - INFO - [train_cifar10dvs.py:348] -   data.max() = 0.0
2026-06-26 22:02:56 - INFO - [train_cifar10dvs.py:348] -   data.max() = 0.0
2026-06-26 22:02:56 - INFO - [train_cifar10dvs.py:348] -   data.max() = 0.0
2026-06-26 22:02:56 - INFO - [train_cifar10dvs.py:348] -   data.max() = 0.0
2026-06-26 22:02:56 - INFO - [train_cifar10dvs.py:348] -   data.max() = 0.0
2026-06-26 22:02:57 - INFO - [train_cifar10dvs.py:348] -   data.max() = 0.0
2026-06-26 22:02:57 - INFO - [train_cifar10dvs.py:348] -   data.max() = 0.0
2026-06-26 22:02:57 - INFO - [train_cifar10dvs.py:348] -   data.max() = 0.0
2026-06-26 22:02:57 - INFO - [train_cifar10dvs.py:348] -   data.max() = 0.0
2026-06-26 22:02:57 - INFO - [train_cifar10dvs.py:348] -   data.max() = 0.0
2026-06-26 22:02:57 - INFO - [train_cifar10dvs.py:348] -   data.max() = 0.0
2026-06-26 22:02:58 - INFO - [train_cifar10dvs.py:348] -   data.max() = 0.0
2026-06-26 22:02:58 - INFO - [train_cifar10dvs.py:348] -   data.max() = 0.0
2026-06-26 22:02:58 - INFO - [train_cifar10dvs.py:348] -   data.max() = 0.0
2026-06-26 22:02:58 - INFO - [train_cifar10dvs.py:348] -   data.max() = 0.0
2026-06-26 22:02:58 - INFO - [train_cifar10dvs.py:348] -   data.max() = 0.0
2026-06-26 22:02:58 - INFO - [train_cifar10dvs.py:348] -   data.max() = 0.0
2026-06-26 22:02:59 - INFO - [train_cifar10dvs.py:348] -   data.max() = 0.0
2026-06-26 22:02:59 - INFO - [train_cifar10dvs.py:348] -   data.max() = 0.0
2026-06-26 22:02:59 - INFO - [train_cifar10dvs.py:348] -   data.max() = 0.0
2026-06-26 22:02:59 - INFO - [train_cifar10dvs.py:348] -   data.max() = 0.0
2026-06-26 22:02:59 - INFO - [train_cifar10dvs.py:348] -   data.max() = 0.0
2026-06-26 22:02:59 - INFO - [train_cifar10dvs.py:348] -   data.max() = 0.0
2026-06-26 22:03:00 - INFO - [train_cifar10dvs.py:348] -   data.max() = 0.0
2026-06-26 22:03:00 - INFO - [train_cifar10dvs.py:348] -   data.max() = 0.0
2026-06-26 22:03:00 - INFO - [train_cifar10dvs.py:348] -   data.max() = 0.0
2026-06-26 22:03:00 - INFO - [train_cifar10dvs.py:348] -   data.max() = 0.0
2026-06-26 22:03:00 - INFO - [train_cifar10dvs.py:348] -   data.max() = 0.0
2026-06-26 22:03:00 - INFO - [train_cifar10dvs.py:348] -   data.max() = 0.0
2026-06-26 22:03:01 - INFO - [train_cifar10dvs.py:348] -   data.max() = 0.0
2026-06-26 22:03:01 - INFO - [train_cifar10dvs.py:348] -   data.max() = 0.0
2026-06-26 22:03:01 - INFO - [train_cifar10dvs.py:348] -   data.max() = 0.0
2026-06-26 22:03:01 - INFO - [train_cifar10dvs.py:348] -   data.max() = 0.0
2026-06-26 22:03:01 - INFO - [train_cifar10dvs.py:348] -   data.max() = 0.0
2026-06-26 22:03:01 - INFO - [train_cifar10dvs.py:348] -   data.max() = 0.0
2026-06-26 22:03:01 - INFO - [train_cifar10dvs.py:348] -   data.max() = 0.0
2026-06-26 22:03:02 - INFO - [train_cifar10dvs.py:348] -   data.max() = 0.0
2026-06-26 22:03:02 - INFO - [train_cifar10dvs.py:348] -   data.max() = 0.0
2026-06-26 22:03:02 - INFO - [train_cifar10dvs.py:348] -   data.max() = 0.0
2026-06-26 22:03:02 - INFO - [train_cifar10dvs.py:348] -   data.max() = 0.0
2026-06-26 22:03:02 - INFO - [train_cifar10dvs.py:348] -   data.max() = 0.0
2026-06-26 22:03:02 - INFO - [train_cifar10dvs.py:348] -   data.max() = 0.0
2026-06-26 22:03:03 - INFO - [train_cifar10dvs.py:348] -   data.max() = 0.0
2026-06-26 22:03:03 - INFO - [train_cifar10dvs.py:348] -   data.max() = 0.0
2026-06-26 22:03:03 - INFO - [train_cifar10dvs.py:348] -   data.max() = 0.0
2026-06-26 22:03:03 - INFO - [train_cifar10dvs.py:348] -   data.max() = 0.0
2026-06-26 22:03:03 - INFO - [train_cifar10dvs.py:348] -   data.max() = 0.0
2026-06-26 22:03:03 - INFO - [train_cifar10dvs.py:348] -   data.max() = 0.0
2026-06-26 22:03:04 - INFO - [train_cifar10dvs.py:348] -   data.max() = 0.0
2026-06-26 22:03:04 - INFO - [train_cifar10dvs.py:348] -   data.max() = 0.0
2026-06-26 22:03:04 - INFO - [train_cifar10dvs.py:348] -   data.max() = 0.0
2026-06-26 22:03:04 - INFO - [train_cifar10dvs.py:348] -   data.max() = 0.0
2026-06-26 22:03:04 - INFO - [train_cifar10dvs.py:348] -   data.max() = 0.0
2026-06-26 22:03:04 - INFO - [train_cifar10dvs.py:348] -   data.max() = 0.0
2026-06-26 22:03:05 - INFO - [train_cifar10dvs.py:348] -   data.max() = 0.0
2026-06-26 22:03:05 - INFO - [train_cifar10dvs.py:348] -   data.max() = 0.0
2026-06-26 22:03:05 - INFO - [train_cifar10dvs.py:348] -   data.max() = 0.0
2026-06-26 22:03:05 - INFO - [train_cifar10dvs.py:348] -   data.max() = 0.0
2026-06-26 22:03:05 - INFO - [train_cifar10dvs.py:348] -   data.max() = 0.0
2026-06-26 22:03:05 - INFO - [train_cifar10dvs.py:348] -   data.max() = 0.0
2026-06-26 22:03:06 - INFO - [train_cifar10dvs.py:348] -   data.max() = 0.0
2026-06-26 22:03:06 - INFO - [train_cifar10dvs.py:348] -   data.max() = 0.0
2026-06-26 22:03:06 - INFO - [train_cifar10dvs.py:348] -   data.max() = 0.0
2026-06-26 22:03:06 - INFO - [train_cifar10dvs.py:348] -   data.max() = 0.0
2026-06-26 22:03:06 - INFO - [train_cifar10dvs.py:348] -   data.max() = 0.0
2026-06-26 22:03:06 - INFO - [train_cifar10dvs.py:348] -   data.max() = 0.0
2026-06-26 22:03:06 - INFO - [train_cifar10dvs.py:348] -   data.max() = 0.0
2026-06-26 22:03:07 - INFO - [train_cifar10dvs.py:348] -   data.max() = 0.0
2026-06-26 22:03:07 - INFO - [train_cifar10dvs.py:348] -   data.max() = 0.0
2026-06-26 22:03:07 - INFO - [train_cifar10dvs.py:348] -   data.max() = 0.0
2026-06-26 22:03:07 - INFO - [train_cifar10dvs.py:348] -   data.max() = 0.0
2026-06-26 22:03:07 - INFO - [train_cifar10dvs.py:348] -   data.max() = 0.0
2026-06-26 22:03:07 - INFO - [train_cifar10dvs.py:348] -   data.max() = 0.0
2026-06-26 22:03:08 - INFO - [train_cifar10dvs.py:348] -   data.max() = 0.0
2026-06-26 22:03:08 - INFO - [train_cifar10dvs.py:348] -   data.max() = 0.0
2026-06-26 22:03:08 - INFO - [train_cifar10dvs.py:348] -   data.max() = 0.0
2026-06-26 22:03:08 - INFO - [train_cifar10dvs.py:348] -   data.max() = 0.0
2026-06-26 22:03:08 - INFO - [train_cifar10dvs.py:348] -   data.max() = 0.0
2026-06-26 22:03:08 - INFO - [train_cifar10dvs.py:348] -   data.max() = 0.0
2026-06-26 22:03:09 - INFO - [train_cifar10dvs.py:348] -   data.max() = 0.0
2026-06-26 22:03:09 - INFO - [train_cifar10dvs.py:348] -   data.max() = 0.0
2026-06-26 22:03:09 - INFO - [train_cifar10dvs.py:348] -   data.max() = 0.0
2026-06-26 22:03:09 - INFO - [train_cifar10dvs.py:348] -   data.max() = 0.0
2026-06-26 22:03:09 - INFO - [train_cifar10dvs.py:348] -   data.max() = 0.0
2026-06-26 22:03:09 - INFO - [train_cifar10dvs.py:348] -   data.max() = 0.0
2026-06-26 22:03:10 - INFO - [train_cifar10dvs.py:348] -   data.max() = 0.0
2026-06-26 22:03:10 - INFO - [train_cifar10dvs.py:348] -   data.max() = 0.0
2026-06-26 22:03:10 - INFO - [train_cifar10dvs.py:348] -   data.max() = 0.0
2026-06-26 22:03:10 - INFO - [train_cifar10dvs.py:348] -   data.max() = 0.0
2026-06-26 22:03:10 - INFO - [train_cifar10dvs.py:348] -   data.max() = 0.0
2026-06-26 22:03:10 - INFO - [train_cifar10dvs.py:348] -   data.max() = 0.0
2026-06-26 22:03:11 - INFO - [train_cifar10dvs.py:348] -   data.max() = 0.0
2026-06-26 22:03:11 - INFO - [train_cifar10dvs.py:348] -   data.max() = 0.0
2026-06-26 22:03:11 - INFO - [train_cifar10dvs.py:348] -   data.max() = 0.0
2026-06-26 22:03:11 - INFO - [train_cifar10dvs.py:348] -   data.max() = 0.0
2026-06-26 22:03:11 - INFO - [train_cifar10dvs.py:348] -   data.max() = 0.0
2026-06-26 22:03:11 - INFO - [train_cifar10dvs.py:348] -   data.max() = 0.0
2026-06-26 22:03:12 - INFO - [train_cifar10dvs.py:348] -   data.max() = 0.0
2026-06-26 22:03:12 - INFO - [train_cifar10dvs.py:348] -   data.max() = 0.0
2026-06-26 22:03:12 - INFO - [train_cifar10dvs.py:348] -   data.max() = 0.0
2026-06-26 22:03:12 - INFO - [train_cifar10dvs.py:348] -   data.max() = 0.0
2026-06-26 22:03:12 - INFO - [train_cifar10dvs.py:348] -   data.max() = 0.0
2026-06-26 22:03:12 - INFO - [train_cifar10dvs.py:348] -   data.max() = 0.0
2026-06-26 22:03:13 - INFO - [train_cifar10dvs.py:348] -   data.max() = 0.0
2026-06-26 22:03:13 - INFO - [train_cifar10dvs.py:348] -   data.max() = 0.0
2026-06-26 22:03:13 - INFO - [train_cifar10dvs.py:348] -   data.max() = 0.0
2026-06-26 22:03:13 - INFO - [train_cifar10dvs.py:348] -   data.max() = 0.0
2026-06-26 22:03:13 - INFO - [train_cifar10dvs.py:348] -   data.max() = 0.0
2026-06-26 22:03:13 - INFO - [train_cifar10dvs.py:348] -   data.max() = 0.0
2026-06-26 22:03:14 - INFO - [train_cifar10dvs.py:348] -   data.max() = 0.0
2026-06-26 22:03:14 - INFO - [train_cifar10dvs.py:348] -   data.max() = 0.0
2026-06-26 22:03:14 - INFO - [train_cifar10dvs.py:348] -   data.max() = 0.0
2026-06-26 22:03:14 - INFO - [train_cifar10dvs.py:348] -   data.max() = 0.0
2026-06-26 22:03:14 - INFO - [train_cifar10dvs.py:348] -   data.max() = 0.0
2026-06-26 22:03:14 - INFO - [train_cifar10dvs.py:348] -   data.max() = 0.0
2026-06-26 22:03:15 - INFO - [train_cifar10dvs.py:348] -   data.max() = 0.0
2026-06-26 22:03:15 - INFO - [train_cifar10dvs.py:348] -   data.max() = 0.0
2026-06-26 22:03:15 - INFO - [train_cifar10dvs.py:348] -   data.max() = 0.0
2026-06-26 22:03:15 - INFO - [train_cifar10dvs.py:348] -   data.max() = 0.0
2026-06-26 22:03:15 - INFO - [train_cifar10dvs.py:348] -   data.max() = 0.0
2026-06-26 22:03:15 - INFO - [train_cifar10dvs.py:348] -   data.max() = 0.0
2026-06-26 22:03:16 - INFO - [train_cifar10dvs.py:348] -   data.max() = 0.0
2026-06-26 22:03:16 - INFO - [train_cifar10dvs.py:348] -   data.max() = 0.0
2026-06-26 22:03:16 - INFO - [train_cifar10dvs.py:348] -   data.max() = 0.0
2026-06-26 22:03:16 - INFO - [train_cifar10dvs.py:348] -   data.max() = 0.0
2026-06-26 22:03:16 - INFO - [train_cifar10dvs.py:348] -   data.max() = 0.0
2026-06-26 22:03:16 - INFO - [train_cifar10dvs.py:348] -   data.max() = 0.0
2026-06-26 22:03:17 - INFO - [train_cifar10dvs.py:348] -   data.max() = 0.0
2026-06-26 22:03:17 - INFO - [train_cifar10dvs.py:348] -   data.max() = 0.0
2026-06-26 22:03:17 - INFO - [train_cifar10dvs.py:348] -   data.max() = 0.0
2026-06-26 22:03:17 - INFO - [train_cifar10dvs.py:348] -   data.max() = 0.0
2026-06-26 22:03:17 - INFO - [train_cifar10dvs.py:348] -   data.max() = 0.0
2026-06-26 22:03:17 - INFO - [train_cifar10dvs.py:348] -   data.max() = 0.0
2026-06-26 22:03:18 - INFO - [train_cifar10dvs.py:348] -   data.max() = 0.0
2026-06-26 22:03:18 - INFO - [train_cifar10dvs.py:348] -   data.max() = 0.0
2026-06-26 22:03:18 - INFO - [train_cifar10dvs.py:348] -   data.max() = 0.0
2026-06-26 22:03:18 - INFO - [train_cifar10dvs.py:348] -   data.max() = 0.0
2026-06-26 22:03:18 - INFO - [train_cifar10dvs.py:348] -   data.max() = 0.0
2026-06-26 22:03:18 - INFO - [train_cifar10dvs.py:348] -   data.max() = 0.0
2026-06-26 22:03:19 - INFO - [train_cifar10dvs.py:348] -   data.max() = 0.0
2026-06-26 22:03:19 - INFO - [train_cifar10dvs.py:348] -   data.max() = 0.0
2026-06-26 22:03:19 - INFO - [train_cifar10dvs.py:348] -   data.max() = 0.0
2026-06-26 22:03:19 - INFO - [train_cifar10dvs.py:348] -   data.max() = 0.0
2026-06-26 22:03:19 - INFO - [train_cifar10dvs.py:348] -   data.max() = 0.0
2026-06-26 22:03:19 - INFO - [train_cifar10dvs.py:348] -   data.max() = 0.0
2026-06-26 22:03:19 - INFO - [train_cifar10dvs.py:348] -   data.max() = 0.0
2026-06-26 22:03:20 - INFO - [train_cifar10dvs.py:348] -   data.max() = 0.0
2026-06-26 22:03:20 - INFO - [train_cifar10dvs.py:348] -   data.max() = 0.0
2026-06-26 22:03:20 - INFO - [train_cifar10dvs.py:348] -   data.max() = 0.0
2026-06-26 22:03:20 - INFO - [train_cifar10dvs.py:348] -   data.max() = 0.0
2026-06-26 22:03:20 - INFO - [train_cifar10dvs.py:348] -   data.max() = 0.0
2026-06-26 22:03:20 - INFO - [train_cifar10dvs.py:348] -   data.max() = 0.0
2026-06-26 22:03:21 - INFO - [train_cifar10dvs.py:348] -   data.max() = 0.0
2026-06-26 22:03:21 - INFO - [train_cifar10dvs.py:348] -   data.max() = 0.0
2026-06-26 22:03:21 - INFO - [train_cifar10dvs.py:348] -   data.max() = 0.0
2026-06-26 22:03:21 - INFO - [train_cifar10dvs.py:348] -   data.max() = 0.0
2026-06-26 22:03:21 - INFO - [train_cifar10dvs.py:348] -   data.max() = 0.0
2026-06-26 22:03:21 - INFO - [train_cifar10dvs.py:348] -   data.max() = 0.0
2026-06-26 22:03:22 - INFO - [train_cifar10dvs.py:348] -   data.max() = 0.0
2026-06-26 22:03:22 - INFO - [train_cifar10dvs.py:348] -   data.max() = 0.0
2026-06-26 22:03:22 - INFO - [train_cifar10dvs.py:348] -   data.max() = 0.0
2026-06-26 22:03:22 - INFO - [train_cifar10dvs.py:348] -   data.max() = 0.0
2026-06-26 22:03:22 - INFO - [train_cifar10dvs.py:348] -   data.max() = 0.0
2026-06-26 22:03:22 - INFO - [train_cifar10dvs.py:348] -   data.max() = 0.0
2026-06-26 22:03:23 - INFO - [train_cifar10dvs.py:348] -   data.max() = 0.0
2026-06-26 22:03:23 - INFO - [train_cifar10dvs.py:348] -   data.max() = 0.0
2026-06-26 22:03:23 - INFO - [train_cifar10dvs.py:348] -   data.max() = 0.0
2026-06-26 22:03:23 - INFO - [train_cifar10dvs.py:348] -   data.max() = 0.0
2026-06-26 22:03:23 - INFO - [train_cifar10dvs.py:348] -   data.max() = 0.0
2026-06-26 22:03:23 - INFO - [train_cifar10dvs.py:348] -   data.max() = 0.0
2026-06-26 22:03:24 - INFO - [train_cifar10dvs.py:348] -   data.max() = 0.0
2026-06-26 22:03:24 - INFO - [train_cifar10dvs.py:348] -   data.max() = 0.0
2026-06-26 22:03:24 - INFO - [train_cifar10dvs.py:348] -   data.max() = 0.0
2026-06-26 22:03:24 - INFO - [train_cifar10dvs.py:348] -   data.max() = 0.0
2026-06-26 22:03:24 - INFO - [train_cifar10dvs.py:348] -   data.max() = 0.0
2026-06-26 22:03:24 - INFO - [train_cifar10dvs.py:348] -   data.max() = 0.0
2026-06-26 22:03:25 - INFO - [train_cifar10dvs.py:348] -   data.max() = 0.0
2026-06-26 22:03:25 - INFO - [train_cifar10dvs.py:348] -   data.max() = 0.0
2026-06-26 22:03:25 - INFO - [train_cifar10dvs.py:348] -   data.max() = 0.0
2026-06-26 22:03:25 - INFO - [train_cifar10dvs.py:348] -   data.max() = 0.0
2026-06-26 22:03:25 - INFO - [train_cifar10dvs.py:348] -   data.max() = 0.0
2026-06-26 22:03:25 - INFO - [train_cifar10dvs.py:348] -   data.max() = 0.0
2026-06-26 22:03:26 - INFO - [train_cifar10dvs.py:348] -   data.max() = 0.0
2026-06-26 22:03:26 - INFO - [train_cifar10dvs.py:348] -   data.max() = 0.0
2026-06-26 22:03:26 - INFO - [train_cifar10dvs.py:348] -   data.max() = 0.0
2026-06-26 22:03:26 - INFO - [train_cifar10dvs.py:348] -   data.max() = 0.0
2026-06-26 22:03:26 - INFO - [train_cifar10dvs.py:348] -   data.max() = 0.0
2026-06-26 22:03:26 - INFO - [train_cifar10dvs.py:348] -   data.max() = 0.0
2026-06-26 22:03:27 - INFO - [train_cifar10dvs.py:348] -   data.max() = 0.0
2026-06-26 22:03:27 - INFO - [train_cifar10dvs.py:348] -   data.max() = 0.0
2026-06-26 22:03:27 - INFO - [train_cifar10dvs.py:348] -   data.max() = 0.0
2026-06-26 22:03:27 - INFO - [train_cifar10dvs.py:348] -   data.max() = 0.0
2026-06-26 22:03:27 - INFO - [train_cifar10dvs.py:348] -   data.max() = 0.0
2026-06-26 22:03:27 - INFO - [train_cifar10dvs.py:348] -   data.max() = 0.0
2026-06-26 22:03:27 - INFO - [train_cifar10dvs.py:348] -   data.max() = 0.0
2026-06-26 22:03:28 - INFO - [train_cifar10dvs.py:348] -   data.max() = 0.0
2026-06-26 22:03:28 - INFO - [train_cifar10dvs.py:348] -   data.max() = 0.0
2026-06-26 22:03:28 - INFO - [train_cifar10dvs.py:348] -   data.max() = 0.0
2026-06-26 22:03:28 - INFO - [train_cifar10dvs.py:348] -   data.max() = 0.0
2026-06-26 22:03:28 - INFO - [train_cifar10dvs.py:348] -   data.max() = 0.0
2026-06-26 22:03:28 - INFO - [train_cifar10dvs.py:348] -   data.max() = 0.0
2026-06-26 22:03:29 - INFO - [train_cifar10dvs.py:348] -   data.max() = 0.0
2026-06-26 22:03:29 - INFO - [train_cifar10dvs.py:348] -   data.max() = 0.0
2026-06-26 22:03:29 - INFO - [train_cifar10dvs.py:348] -   data.max() = 0.0
2026-06-26 22:03:29 - INFO - [train_cifar10dvs.py:348] -   data.max() = 0.0
2026-06-26 22:03:29 - INFO - [train_cifar10dvs.py:348] -   data.max() = 0.0
2026-06-26 22:03:29 - INFO - [train_cifar10dvs.py:348] -   data.max() = 0.0
2026-06-26 22:03:30 - INFO - [train_cifar10dvs.py:348] -   data.max() = 0.0
2026-06-26 22:03:30 - INFO - [train_cifar10dvs.py:348] -   data.max() = 0.0
2026-06-26 22:03:30 - INFO - [train_cifar10dvs.py:348] -   data.max() = 0.0
2026-06-26 22:03:30 - INFO - [train_cifar10dvs.py:348] -   data.max() = 0.0
2026-06-26 22:03:30 - INFO - [train_cifar10dvs.py:348] -   data.max() = 0.0
2026-06-26 22:03:30 - INFO - [train_cifar10dvs.py:348] -   data.max() = 0.0
2026-06-26 22:03:31 - INFO - [train_cifar10dvs.py:348] -   data.max() = 0.0
2026-06-26 22:03:31 - INFO - [train_cifar10dvs.py:348] -   data.max() = 0.0
2026-06-26 22:03:31 - INFO - [train_cifar10dvs.py:348] -   data.max() = 0.0
2026-06-26 22:03:31 - INFO - [train_cifar10dvs.py:348] -   data.max() = 0.0
