2026-06-18 17:19:55 - INFO - [train.py:30] - === Starting SNN Training Pipeline ===
2026-06-18 17:19:57 - INFO - [train.py:43] - Using device: cuda
2026-06-18 17:19:57 - INFO - [train.py:48] - Setting up data loaders...
2026-06-18 17:19:57 - INFO - [dataset.py:38] - Initializing NpyGestureDataset from directory: D:\ProgramProject_Hub\OpticalDeconv_SNN\datasets\DVSGesture\ibmGestureTest
2026-06-18 17:19:57 - INFO - [dataset.py:57] - Successfully loaded 264 samples into the dataset index.
2026-06-18 17:19:57 - INFO - [train.py:66] - Dataloader ready. Total batches per epoch: 16
2026-06-18 17:19:57 - INFO - [train.py:71] - Initializing OpticalDeconvSNN model...
2026-06-18 17:19:57 - INFO - [model.py:25] - Initializing OpticalDeconvSNN with 11 classes and beta=0.9
2026-06-18 17:19:58 - INFO - [train.py:84] - Starting training loop...
2026-06-18 17:20:21 - DEBUG - [train.py:120] - Epoch [1/10], Step [5/16], Loss: 181.5643
2026-06-18 17:20:32 - DEBUG - [train.py:120] - Epoch [1/10], Step [10/16], Loss: 91.2079
2026-06-18 17:20:42 - DEBUG - [train.py:120] - Epoch [1/10], Step [15/16], Loss: 110.6726
2026-06-18 17:20:45 - INFO - [train.py:126] - ==> Epoch [1/10] Summary | Loss: 148.7524 | Accuracy: 8.98%
2026-06-18 17:21:08 - DEBUG - [train.py:120] - Epoch [2/10], Step [5/16], Loss: 59.0998
2026-06-18 17:21:20 - DEBUG - [train.py:120] - Epoch [2/10], Step [10/16], Loss: 60.3226
2026-06-18 17:21:29 - DEBUG - [train.py:120] - Epoch [2/10], Step [15/16], Loss: 27.1800
2026-06-18 17:21:32 - INFO - [train.py:126] - ==> Epoch [2/10] Summary | Loss: 50.1769 | Accuracy: 35.16%
2026-06-18 17:21:56 - DEBUG - [train.py:120] - Epoch [3/10], Step [5/16], Loss: 18.6142
2026-06-18 17:22:08 - DEBUG - [train.py:120] - Epoch [3/10], Step [10/16], Loss: 40.6379
2026-06-18 17:22:16 - DEBUG - [train.py:120] - Epoch [3/10], Step [15/16], Loss: 11.6229
2026-06-18 17:22:19 - INFO - [train.py:126] - ==> Epoch [3/10] Summary | Loss: 21.4539 | Accuracy: 46.09%
2026-06-18 17:22:41 - DEBUG - [train.py:120] - Epoch [4/10], Step [5/16], Loss: 12.2901
2026-06-18 17:22:52 - DEBUG - [train.py:120] - Epoch [4/10], Step [10/16], Loss: 11.6308
2026-06-18 17:23:00 - DEBUG - [train.py:120] - Epoch [4/10], Step [15/16], Loss: 10.2895
2026-06-18 17:23:02 - INFO - [train.py:126] - ==> Epoch [4/10] Summary | Loss: 13.4958 | Accuracy: 59.38%
2026-06-18 17:23:25 - DEBUG - [train.py:120] - Epoch [5/10], Step [5/16], Loss: 15.6293
2026-06-18 17:23:35 - DEBUG - [train.py:120] - Epoch [5/10], Step [10/16], Loss: 11.6092
2026-06-18 17:23:44 - DEBUG - [train.py:120] - Epoch [5/10], Step [15/16], Loss: 5.3751
2026-06-18 17:23:46 - INFO - [train.py:126] - ==> Epoch [5/10] Summary | Loss: 15.5140 | Accuracy: 54.30%
2026-06-18 17:24:11 - DEBUG - [train.py:120] - Epoch [6/10], Step [5/16], Loss: 9.3348
2026-06-18 17:24:22 - DEBUG - [train.py:120] - Epoch [6/10], Step [10/16], Loss: 4.3826
2026-06-18 17:24:34 - DEBUG - [train.py:120] - Epoch [6/10], Step [15/16], Loss: 12.6481
2026-06-18 17:24:38 - INFO - [train.py:126] - ==> Epoch [6/10] Summary | Loss: 11.3485 | Accuracy: 57.42%
2026-06-18 17:25:05 - DEBUG - [train.py:120] - Epoch [7/10], Step [5/16], Loss: 1.0943
2026-06-18 17:25:18 - DEBUG - [train.py:120] - Epoch [7/10], Step [10/16], Loss: 0.1919
2026-06-18 17:25:31 - DEBUG - [train.py:120] - Epoch [7/10], Step [15/16], Loss: 7.4598
2026-06-18 17:25:34 - INFO - [train.py:126] - ==> Epoch [7/10] Summary | Loss: 7.6451 | Accuracy: 66.41%
2026-06-18 17:26:00 - DEBUG - [train.py:120] - Epoch [8/10], Step [5/16], Loss: 3.7991
2026-06-18 17:26:15 - DEBUG - [train.py:120] - Epoch [8/10], Step [10/16], Loss: 1.3812
2026-06-18 17:26:27 - DEBUG - [train.py:120] - Epoch [8/10], Step [15/16], Loss: 1.6611
2026-06-18 17:26:31 - INFO - [train.py:126] - ==> Epoch [8/10] Summary | Loss: 6.1851 | Accuracy: 74.61%
2026-06-18 17:26:58 - DEBUG - [train.py:120] - Epoch [9/10], Step [5/16], Loss: 2.0077
2026-06-18 17:27:11 - DEBUG - [train.py:120] - Epoch [9/10], Step [10/16], Loss: 3.2888
2026-06-18 17:27:26 - DEBUG - [train.py:120] - Epoch [9/10], Step [15/16], Loss: 5.9394
2026-06-18 17:27:29 - INFO - [train.py:126] - ==> Epoch [9/10] Summary | Loss: 3.7992 | Accuracy: 78.52%
2026-06-18 17:27:55 - DEBUG - [train.py:120] - Epoch [10/10], Step [5/16], Loss: 3.2236
2026-06-18 17:28:08 - DEBUG - [train.py:120] - Epoch [10/10], Step [10/16], Loss: 2.1466
2026-06-18 17:28:22 - DEBUG - [train.py:120] - Epoch [10/10], Step [15/16], Loss: 3.5212
2026-06-18 17:28:25 - INFO - [train.py:126] - ==> Epoch [10/10] Summary | Loss: 3.2764 | Accuracy: 82.42%
2026-06-18 17:28:25 - INFO - [train.py:133] - Training completed. Model saved to D:\ProgramProject_Hub\OpticalDeconv_SNN\optical_deconv_snn.pth
