2026-06-26 22:03:51 - INFO - [train_cifar10dvs.py:296] - === CIFAR10-DVS train ===
2026-06-26 22:03:51 - INFO - [train_cifar10dvs.py:302] - Device: cuda
2026-06-26 22:03:51 - INFO - [train_cifar10dvs.py:60] - [Extract] extract/ completed, skip.
2026-06-26 22:04:49 - INFO - [train_cifar10dvs.py:87] - [purge] removed 0 corrupted npz
2026-06-26 22:04:49 - INFO - [train_cifar10dvs.py:131] - [aedat -> npz] Checking ...
2026-06-26 22:04:49 - INFO - [train_cifar10dvs.py:140] - [aedat -> npz] events_np/ completed, skip.
2026-06-26 22:04:49 - INFO - [train_cifar10dvs.py:224] - [npz -> frame] Checking ...
2026-06-26 22:04:49 - INFO - [train_cifar10dvs.py:235] - [npz -> frame] frames_number_10_split_by_number/ completed, skip.
2026-06-26 22:04:49 - INFO - [train_cifar10dvs.py:314] - Building CIFAR10DVSFrames (split_ratio=0.9) ...
2026-06-26 22:04:49 - INFO - [train_cifar10dvs.py:281] -   CIFAR10DVSFrames(train): 9000 (split_ratio=0.9)
2026-06-26 22:04:49 - INFO - [train_cifar10dvs.py:281] -   CIFAR10DVSFrames(test): 1000 (split_ratio=0.9)
2026-06-26 22:05:02 - INFO - [train_cifar10dvs.py:373] -   data.max() = 0.0
2026-06-26 22:05:02 - INFO - [train_cifar10dvs.py:373] -   data.max() = 0.0
2026-06-26 22:05:03 - INFO - [train_cifar10dvs.py:373] -   data.max() = 0.0
2026-06-26 22:05:03 - INFO - [train_cifar10dvs.py:373] -   data.max() = 0.0
2026-06-26 22:05:03 - INFO - [train_cifar10dvs.py:373] -   data.max() = 0.0
2026-06-26 22:05:03 - INFO - [train_cifar10dvs.py:373] -   data.max() = 0.0
2026-06-26 22:05:03 - INFO - [train_cifar10dvs.py:373] -   data.max() = 0.0
2026-06-26 22:05:03 - INFO - [train_cifar10dvs.py:373] -   data.max() = 0.0
2026-06-26 22:05:04 - INFO - [train_cifar10dvs.py:373] -   data.max() = 0.0
2026-06-26 22:05:04 - INFO - [train_cifar10dvs.py:373] -   data.max() = 0.0
2026-06-26 22:05:04 - INFO - [train_cifar10dvs.py:373] -   data.max() = 0.0
2026-06-26 22:05:04 - INFO - [train_cifar10dvs.py:373] -   data.max() = 0.0
2026-06-26 22:05:04 - INFO - [train_cifar10dvs.py:373] -   data.max() = 0.0
2026-06-26 22:05:04 - INFO - [train_cifar10dvs.py:373] -   data.max() = 0.0
2026-06-26 22:05:05 - INFO - [train_cifar10dvs.py:373] -   data.max() = 0.0
2026-06-26 22:05:05 - INFO - [train_cifar10dvs.py:373] -   data.max() = 0.0
2026-06-26 22:05:05 - INFO - [train_cifar10dvs.py:373] -   data.max() = 0.0
2026-06-26 22:05:05 - INFO - [train_cifar10dvs.py:373] -   data.max() = 0.0
2026-06-26 22:05:05 - INFO - [train_cifar10dvs.py:373] -   data.max() = 0.0
2026-06-26 22:05:05 - INFO - [train_cifar10dvs.py:373] -   data.max() = 0.0
2026-06-26 22:05:06 - INFO - [train_cifar10dvs.py:373] -   data.max() = 0.0
2026-06-26 22:05:06 - INFO - [train_cifar10dvs.py:373] -   data.max() = 0.0
2026-06-26 22:05:06 - INFO - [train_cifar10dvs.py:373] -   data.max() = 0.0
2026-06-26 22:05:06 - INFO - [train_cifar10dvs.py:373] -   data.max() = 0.0
2026-06-26 22:05:06 - INFO - [train_cifar10dvs.py:373] -   data.max() = 0.0
2026-06-26 22:05:06 - INFO - [train_cifar10dvs.py:373] -   data.max() = 0.0
2026-06-26 22:05:07 - INFO - [train_cifar10dvs.py:373] -   data.max() = 0.0
2026-06-26 22:05:07 - INFO - [train_cifar10dvs.py:373] -   data.max() = 0.0
2026-06-26 22:05:07 - INFO - [train_cifar10dvs.py:373] -   data.max() = 0.0
2026-06-26 22:05:07 - INFO - [train_cifar10dvs.py:373] -   data.max() = 0.0
2026-06-26 22:05:07 - INFO - [train_cifar10dvs.py:373] -   data.max() = 0.0
2026-06-26 22:05:07 - INFO - [train_cifar10dvs.py:373] -   data.max() = 0.0
2026-06-26 22:05:07 - INFO - [train_cifar10dvs.py:373] -   data.max() = 0.0
2026-06-26 22:05:08 - INFO - [train_cifar10dvs.py:373] -   data.max() = 0.0
2026-06-26 22:05:08 - INFO - [train_cifar10dvs.py:373] -   data.max() = 0.0
2026-06-26 22:05:08 - INFO - [train_cifar10dvs.py:373] -   data.max() = 0.0
2026-06-26 22:05:08 - INFO - [train_cifar10dvs.py:373] -   data.max() = 0.0
2026-06-26 22:05:08 - INFO - [train_cifar10dvs.py:373] -   data.max() = 0.0
2026-06-26 22:05:09 - INFO - [train_cifar10dvs.py:373] -   data.max() = 0.0
2026-06-26 22:05:09 - INFO - [train_cifar10dvs.py:373] -   data.max() = 0.0
2026-06-26 22:05:09 - INFO - [train_cifar10dvs.py:373] -   data.max() = 0.0
2026-06-26 22:05:09 - INFO - [train_cifar10dvs.py:373] -   data.max() = 0.0
2026-06-26 22:05:09 - INFO - [train_cifar10dvs.py:373] -   data.max() = 0.0
2026-06-26 22:05:09 - INFO - [train_cifar10dvs.py:373] -   data.max() = 0.0
2026-06-26 22:05:10 - INFO - [train_cifar10dvs.py:373] -   data.max() = 0.0
2026-06-26 22:05:10 - INFO - [train_cifar10dvs.py:373] -   data.max() = 0.0
2026-06-26 22:05:10 - INFO - [train_cifar10dvs.py:373] -   data.max() = 0.0
2026-06-26 22:05:10 - INFO - [train_cifar10dvs.py:373] -   data.max() = 0.0
2026-06-26 22:05:10 - INFO - [train_cifar10dvs.py:373] -   data.max() = 0.0
2026-06-26 22:05:10 - INFO - [train_cifar10dvs.py:373] -   data.max() = 0.0
2026-06-26 22:05:11 - INFO - [train_cifar10dvs.py:373] -   data.max() = 0.0
2026-06-26 22:05:11 - INFO - [train_cifar10dvs.py:373] -   data.max() = 0.0
2026-06-26 22:05:11 - INFO - [train_cifar10dvs.py:373] -   data.max() = 0.0
2026-06-26 22:05:11 - INFO - [train_cifar10dvs.py:373] -   data.max() = 0.0
2026-06-26 22:05:11 - INFO - [train_cifar10dvs.py:373] -   data.max() = 0.0
2026-06-26 22:05:11 - INFO - [train_cifar10dvs.py:373] -   data.max() = 0.0
2026-06-26 22:05:11 - INFO - [train_cifar10dvs.py:373] -   data.max() = 0.0
2026-06-26 22:05:12 - INFO - [train_cifar10dvs.py:373] -   data.max() = 0.0
2026-06-26 22:05:12 - INFO - [train_cifar10dvs.py:373] -   data.max() = 0.0
2026-06-26 22:05:12 - INFO - [train_cifar10dvs.py:373] -   data.max() = 0.0
2026-06-26 22:05:12 - INFO - [train_cifar10dvs.py:373] -   data.max() = 0.0
2026-06-26 22:05:12 - INFO - [train_cifar10dvs.py:373] -   data.max() = 0.0
2026-06-26 22:05:12 - INFO - [train_cifar10dvs.py:373] -   data.max() = 0.0
2026-06-26 22:05:13 - INFO - [train_cifar10dvs.py:373] -   data.max() = 0.0
2026-06-26 22:05:13 - INFO - [train_cifar10dvs.py:373] -   data.max() = 0.0
2026-06-26 22:05:13 - INFO - [train_cifar10dvs.py:373] -   data.max() = 0.0
2026-06-26 22:05:13 - INFO - [train_cifar10dvs.py:373] -   data.max() = 0.0
2026-06-26 22:05:13 - INFO - [train_cifar10dvs.py:373] -   data.max() = 0.0
2026-06-26 22:05:13 - INFO - [train_cifar10dvs.py:373] -   data.max() = 0.0
2026-06-26 22:05:14 - INFO - [train_cifar10dvs.py:373] -   data.max() = 0.0
2026-06-26 22:05:14 - INFO - [train_cifar10dvs.py:373] -   data.max() = 0.0
2026-06-26 22:05:14 - INFO - [train_cifar10dvs.py:373] -   data.max() = 0.0
2026-06-26 22:05:14 - INFO - [train_cifar10dvs.py:373] -   data.max() = 0.0
2026-06-26 22:05:14 - INFO - [train_cifar10dvs.py:373] -   data.max() = 0.0
2026-06-26 22:05:14 - INFO - [train_cifar10dvs.py:373] -   data.max() = 0.0
2026-06-26 22:05:15 - INFO - [train_cifar10dvs.py:373] -   data.max() = 0.0
2026-06-26 22:05:15 - INFO - [train_cifar10dvs.py:373] -   data.max() = 0.0
2026-06-26 22:05:15 - INFO - [train_cifar10dvs.py:373] -   data.max() = 0.0
2026-06-26 22:05:15 - INFO - [train_cifar10dvs.py:373] -   data.max() = 0.0
2026-06-26 22:05:15 - INFO - [train_cifar10dvs.py:373] -   data.max() = 0.0
2026-06-26 22:05:15 - INFO - [train_cifar10dvs.py:373] -   data.max() = 0.0
2026-06-26 22:05:16 - INFO - [train_cifar10dvs.py:373] -   data.max() = 0.0
2026-06-26 22:05:16 - INFO - [train_cifar10dvs.py:373] -   data.max() = 0.0
2026-06-26 22:05:16 - INFO - [train_cifar10dvs.py:373] -   data.max() = 0.0
2026-06-26 22:05:16 - INFO - [train_cifar10dvs.py:373] -   data.max() = 0.0
2026-06-26 22:05:16 - INFO - [train_cifar10dvs.py:373] -   data.max() = 0.0
2026-06-26 22:05:16 - INFO - [train_cifar10dvs.py:373] -   data.max() = 0.0
2026-06-26 22:05:17 - INFO - [train_cifar10dvs.py:373] -   data.max() = 0.0
2026-06-26 22:05:17 - INFO - [train_cifar10dvs.py:373] -   data.max() = 0.0
2026-06-26 22:05:17 - INFO - [train_cifar10dvs.py:373] -   data.max() = 0.0
2026-06-26 22:05:17 - INFO - [train_cifar10dvs.py:373] -   data.max() = 0.0
2026-06-26 22:05:17 - INFO - [train_cifar10dvs.py:373] -   data.max() = 0.0
2026-06-26 22:05:17 - INFO - [train_cifar10dvs.py:373] -   data.max() = 0.0
2026-06-26 22:05:18 - INFO - [train_cifar10dvs.py:373] -   data.max() = 0.0
2026-06-26 22:05:18 - INFO - [train_cifar10dvs.py:373] -   data.max() = 0.0
2026-06-26 22:05:18 - INFO - [train_cifar10dvs.py:373] -   data.max() = 0.0
2026-06-26 22:05:18 - INFO - [train_cifar10dvs.py:373] -   data.max() = 0.0
2026-06-26 22:05:18 - INFO - [train_cifar10dvs.py:373] -   data.max() = 0.0
2026-06-26 22:05:18 - INFO - [train_cifar10dvs.py:373] -   data.max() = 0.0
2026-06-26 22:05:18 - INFO - [train_cifar10dvs.py:373] -   data.max() = 0.0
2026-06-26 22:05:19 - INFO - [train_cifar10dvs.py:373] -   data.max() = 0.0
2026-06-26 22:05:19 - INFO - [train_cifar10dvs.py:373] -   data.max() = 0.0
2026-06-26 22:05:19 - INFO - [train_cifar10dvs.py:373] -   data.max() = 0.0
2026-06-26 22:05:19 - INFO - [train_cifar10dvs.py:373] -   data.max() = 0.0
2026-06-26 22:05:19 - INFO - [train_cifar10dvs.py:373] -   data.max() = 0.0
2026-06-26 22:05:19 - INFO - [train_cifar10dvs.py:373] -   data.max() = 0.0
2026-06-26 22:05:20 - INFO - [train_cifar10dvs.py:373] -   data.max() = 0.0
2026-06-26 22:05:20 - INFO - [train_cifar10dvs.py:373] -   data.max() = 0.0
2026-06-26 22:05:20 - INFO - [train_cifar10dvs.py:373] -   data.max() = 0.0
2026-06-26 22:05:20 - INFO - [train_cifar10dvs.py:373] -   data.max() = 0.0
2026-06-26 22:05:20 - INFO - [train_cifar10dvs.py:373] -   data.max() = 0.0
2026-06-26 22:05:20 - INFO - [train_cifar10dvs.py:373] -   data.max() = 0.0
