2026-06-18 16:43:58 - INFO - [train.py:15] - === Starting SNN Training Pipeline ===
2026-06-18 16:44:00 - INFO - [train.py:28] - Using device: cuda
2026-06-18 16:44:00 - INFO - [train.py:33] - Setting up data loaders...
2026-06-18 16:44:00 - INFO - [dataset.py:38] - Initializing NpyGestureDataset from directory: D:\ProgramProject_Hub\OpticalDeconv_SNN\datasets\DVSGesture\ibmGestureTest
2026-06-18 16:44:00 - INFO - [dataset.py:57] - Successfully loaded 264 samples into the dataset index.
2026-06-18 16:44:00 - INFO - [train.py:62] - Dataloader ready. Total batches per epoch: 17
2026-06-18 16:44:00 - INFO - [train.py:67] - Initializing OpticalDeconvSNN model...
2026-06-18 16:44:00 - INFO - [model.py:25] - Initializing OpticalDeconvSNN with 11 classes and beta=0.9
2026-06-18 16:44:01 - INFO - [train.py:80] - Starting training loop...
2026-06-18 16:44:16 - DEBUG - [train.py:116] - Epoch [1/10], Step [5/17], Loss: 59.6774
2026-06-18 16:44:30 - DEBUG - [train.py:116] - Epoch [1/10], Step [10/17], Loss: 69.3864
2026-06-18 16:44:44 - DEBUG - [train.py:116] - Epoch [1/10], Step [15/17], Loss: 28.6054
2026-06-18 16:44:49 - INFO - [train.py:122] - ==> Epoch [1/10] Summary | Loss: 97.5095 | Accuracy: 25.38%
2026-06-18 16:45:02 - DEBUG - [train.py:116] - Epoch [2/10], Step [5/17], Loss: 40.9821
2026-06-18 16:45:15 - DEBUG - [train.py:116] - Epoch [2/10], Step [10/17], Loss: 19.8734
2026-06-18 16:45:29 - DEBUG - [train.py:116] - Epoch [2/10], Step [15/17], Loss: 18.6260
2026-06-18 16:45:34 - INFO - [train.py:122] - ==> Epoch [2/10] Summary | Loss: 37.4703 | Accuracy: 38.64%
2026-06-18 16:45:48 - DEBUG - [train.py:116] - Epoch [3/10], Step [5/17], Loss: 38.7830
2026-06-18 16:46:03 - DEBUG - [train.py:116] - Epoch [3/10], Step [10/17], Loss: 18.7436
2026-06-18 16:46:20 - DEBUG - [train.py:116] - Epoch [3/10], Step [15/17], Loss: 26.2952
2026-06-18 16:46:25 - INFO - [train.py:122] - ==> Epoch [3/10] Summary | Loss: 26.2992 | Accuracy: 43.56%
2026-06-18 16:46:42 - DEBUG - [train.py:116] - Epoch [4/10], Step [5/17], Loss: 7.5279
2026-06-18 16:46:58 - DEBUG - [train.py:116] - Epoch [4/10], Step [10/17], Loss: 42.3323
2026-06-18 16:47:14 - DEBUG - [train.py:116] - Epoch [4/10], Step [15/17], Loss: 14.9752
2026-06-18 16:47:20 - INFO - [train.py:122] - ==> Epoch [4/10] Summary | Loss: 20.0729 | Accuracy: 44.70%
2026-06-18 16:47:37 - DEBUG - [train.py:116] - Epoch [5/10], Step [5/17], Loss: 18.1833
2026-06-18 16:47:54 - DEBUG - [train.py:116] - Epoch [5/10], Step [10/17], Loss: 16.5407
2026-06-18 16:48:10 - DEBUG - [train.py:116] - Epoch [5/10], Step [15/17], Loss: 19.2443
2026-06-18 16:48:15 - INFO - [train.py:122] - ==> Epoch [5/10] Summary | Loss: 15.3017 | Accuracy: 55.30%
2026-06-18 16:48:32 - DEBUG - [train.py:116] - Epoch [6/10], Step [5/17], Loss: 5.9428
2026-06-18 16:48:47 - DEBUG - [train.py:116] - Epoch [6/10], Step [10/17], Loss: 24.6442
2026-06-18 16:49:03 - DEBUG - [train.py:116] - Epoch [6/10], Step [15/17], Loss: 7.7144
2026-06-18 16:49:07 - INFO - [train.py:122] - ==> Epoch [6/10] Summary | Loss: 9.9575 | Accuracy: 62.12%
2026-06-18 16:49:22 - DEBUG - [train.py:116] - Epoch [7/10], Step [5/17], Loss: 10.6472
2026-06-18 16:49:35 - DEBUG - [train.py:116] - Epoch [7/10], Step [10/17], Loss: 4.0532
2026-06-18 16:49:49 - DEBUG - [train.py:116] - Epoch [7/10], Step [15/17], Loss: 10.8861
2026-06-18 16:49:54 - INFO - [train.py:122] - ==> Epoch [7/10] Summary | Loss: 9.9567 | Accuracy: 64.77%
2026-06-18 16:50:08 - DEBUG - [train.py:116] - Epoch [8/10], Step [5/17], Loss: 13.0538
2026-06-18 16:50:20 - DEBUG - [train.py:116] - Epoch [8/10], Step [10/17], Loss: 20.4059
2026-06-18 16:50:36 - DEBUG - [train.py:116] - Epoch [8/10], Step [15/17], Loss: 6.5413
2026-06-18 16:50:42 - INFO - [train.py:122] - ==> Epoch [8/10] Summary | Loss: 12.8774 | Accuracy: 58.33%
2026-06-18 16:50:56 - DEBUG - [train.py:116] - Epoch [9/10], Step [5/17], Loss: 40.5004
2026-06-18 16:51:11 - DEBUG - [train.py:116] - Epoch [9/10], Step [10/17], Loss: 6.1143
2026-06-18 16:51:26 - DEBUG - [train.py:116] - Epoch [9/10], Step [15/17], Loss: 14.1300
2026-06-18 16:51:33 - INFO - [train.py:122] - ==> Epoch [9/10] Summary | Loss: 9.3496 | Accuracy: 66.29%
2026-06-18 16:51:48 - DEBUG - [train.py:116] - Epoch [10/10], Step [5/17], Loss: 13.5168
2026-06-18 16:52:04 - DEBUG - [train.py:116] - Epoch [10/10], Step [10/17], Loss: 5.4364
2026-06-18 16:52:22 - DEBUG - [train.py:116] - Epoch [10/10], Step [15/17], Loss: 99.8803
2026-06-18 16:52:27 - INFO - [train.py:122] - ==> Epoch [10/10] Summary | Loss: 20.2586 | Accuracy: 60.61%
2026-06-18 16:52:27 - INFO - [train.py:129] - Training completed. Model saved to D:\ProgramProject_Hub\OpticalDeconv_SNN\optical_deconv_snn.pth
